<?xml version="1.0" encoding="UTF-8"?>
<testsuites name="Mocha Tests" time="0.0000" tests="9" failures="9">
  <testsuite name="Root Suite" timestamp="2023-05-13T13:57:44" tests="0" file="tests/e2e/specs/customerTesting.js" time="0.0000" failures="0">
  </testsuite>
  <testsuite name="Test Login" timestamp="2023-05-13T13:57:44" tests="9" time="0.0000" failures="9">
    <testcase name="Test Login Input Fields are there" time="0.0000" classname="Input Fields are there">
      <failure message="`cy.visit()` failed trying to load:

http://localhost:8080/

We attempted to make an http request to this URL but the request failed without a response.

We received this error at the network level:

  &gt; Error: connect ECONNREFUSED 127.0.0.1:8080

Common situations why this would fail:
  - you don&apos;t have internet access
  - you forgot to run / boot your web server
  - your web server isn&apos;t accessible
  - you have weird network configuration settings on your computer" type="CypressError"><![CDATA[CypressError: `cy.visit()` failed trying to load:

http://localhost:8080/

We attempted to make an http request to this URL but the request failed without a response.

We received this error at the network level:

  > Error: connect ECONNREFUSED 127.0.0.1:8080

Common situations why this would fail:
  - you don't have internet access
  - you forgot to run / boot your web server
  - your web server isn't accessible
  - you have weird network configuration settings on your computer
    at http://localhost:38070/__cypress/runner/cypress_runner.js:163608:82
    at visitFailedByErr (http://localhost:38070/__cypress/runner/cypress_runner.js:162912:12)
    at http://localhost:38070/__cypress/runner/cypress_runner.js:163607:11
    at tryCatcher (http://localhost:38070/__cypress/runner/cypress_runner.js:13022:23)
    at Promise._settlePromiseFromHandler (http://localhost:38070/__cypress/runner/cypress_runner.js:10957:31)
    at Promise._settlePromise (http://localhost:38070/__cypress/runner/cypress_runner.js:11014:18)
    at Promise._settlePromise0 (http://localhost:38070/__cypress/runner/cypress_runner.js:11059:10)
    at Promise._settlePromises (http://localhost:38070/__cypress/runner/cypress_runner.js:11135:18)
    at _drainQueueStep (http://localhost:38070/__cypress/runner/cypress_runner.js:7729:12)
    at _drainQueue (http://localhost:38070/__cypress/runner/cypress_runner.js:7722:9)
    at Async.../../node_modules/bluebird/js/release/async.js.Async._drainQueues (http://localhost:38070/__cypress/runner/cypress_runner.js:7738:5)
    at Async.drainQueues (http://localhost:38070/__cypress/runner/cypress_runner.js:7608:14)
From Your Spec Code:
    at Context.eval (http://localhost:38070/__cypress/tests?p=tests\e2e\specs\customerTesting.js:101:8)

From Node.js Internals:
  Error: connect ECONNREFUSED 127.0.0.1:8080
      at TCPConnectWrap.afterConnect [as oncomplete] (node:net:1161:16)
  ]]></failure>
    </testcase>
    <testcase name="Test Login Navigationt to Password Reset is here" time="0.0000" classname="Navigationt to Password Reset is here">
      <failure message="`cy.visit()` failed trying to load:

http://localhost:8080/

We attempted to make an http request to this URL but the request failed without a response.

We received this error at the network level:

  &gt; Error: connect ECONNREFUSED 127.0.0.1:8080

Common situations why this would fail:
  - you don&apos;t have internet access
  - you forgot to run / boot your web server
  - your web server isn&apos;t accessible
  - you have weird network configuration settings on your computer" type="CypressError"><![CDATA[CypressError: `cy.visit()` failed trying to load:

http://localhost:8080/

We attempted to make an http request to this URL but the request failed without a response.

We received this error at the network level:

  > Error: connect ECONNREFUSED 127.0.0.1:8080

Common situations why this would fail:
  - you don't have internet access
  - you forgot to run / boot your web server
  - your web server isn't accessible
  - you have weird network configuration settings on your computer
    at http://localhost:38070/__cypress/runner/cypress_runner.js:163608:82
    at visitFailedByErr (http://localhost:38070/__cypress/runner/cypress_runner.js:162912:12)
    at http://localhost:38070/__cypress/runner/cypress_runner.js:163607:11
    at tryCatcher (http://localhost:38070/__cypress/runner/cypress_runner.js:13022:23)
    at Promise._settlePromiseFromHandler (http://localhost:38070/__cypress/runner/cypress_runner.js:10957:31)
    at Promise._settlePromise (http://localhost:38070/__cypress/runner/cypress_runner.js:11014:18)
    at Promise._settlePromise0 (http://localhost:38070/__cypress/runner/cypress_runner.js:11059:10)
    at Promise._settlePromises (http://localhost:38070/__cypress/runner/cypress_runner.js:11135:18)
    at _drainQueueStep (http://localhost:38070/__cypress/runner/cypress_runner.js:7729:12)
    at _drainQueue (http://localhost:38070/__cypress/runner/cypress_runner.js:7722:9)
    at Async.../../node_modules/bluebird/js/release/async.js.Async._drainQueues (http://localhost:38070/__cypress/runner/cypress_runner.js:7738:5)
    at Async.drainQueues (http://localhost:38070/__cypress/runner/cypress_runner.js:7608:14)
From Your Spec Code:
    at Context.eval (http://localhost:38070/__cypress/tests?p=tests\e2e\specs\customerTesting.js:106:8)

From Node.js Internals:
  Error: connect ECONNREFUSED 127.0.0.1:8080
      at TCPConnectWrap.afterConnect [as oncomplete] (node:net:1161:16)
  ]]></failure>
    </testcase>
    <testcase name="Test Login login error works Works" time="0.0000" classname="login error works Works">
      <failure message="`cy.visit()` failed trying to load:

http://localhost:8080/

We attempted to make an http request to this URL but the request failed without a response.

We received this error at the network level:

  &gt; Error: connect ECONNREFUSED 127.0.0.1:8080

Common situations why this would fail:
  - you don&apos;t have internet access
  - you forgot to run / boot your web server
  - your web server isn&apos;t accessible
  - you have weird network configuration settings on your computer" type="CypressError"><![CDATA[CypressError: `cy.visit()` failed trying to load:

http://localhost:8080/

We attempted to make an http request to this URL but the request failed without a response.

We received this error at the network level:

  > Error: connect ECONNREFUSED 127.0.0.1:8080

Common situations why this would fail:
  - you don't have internet access
  - you forgot to run / boot your web server
  - your web server isn't accessible
  - you have weird network configuration settings on your computer
    at http://localhost:38070/__cypress/runner/cypress_runner.js:163608:82
    at visitFailedByErr (http://localhost:38070/__cypress/runner/cypress_runner.js:162912:12)
    at http://localhost:38070/__cypress/runner/cypress_runner.js:163607:11
    at tryCatcher (http://localhost:38070/__cypress/runner/cypress_runner.js:13022:23)
    at Promise._settlePromiseFromHandler (http://localhost:38070/__cypress/runner/cypress_runner.js:10957:31)
    at Promise._settlePromise (http://localhost:38070/__cypress/runner/cypress_runner.js:11014:18)
    at Promise._settlePromise0 (http://localhost:38070/__cypress/runner/cypress_runner.js:11059:10)
    at Promise._settlePromises (http://localhost:38070/__cypress/runner/cypress_runner.js:11135:18)
    at _drainQueueStep (http://localhost:38070/__cypress/runner/cypress_runner.js:7729:12)
    at _drainQueue (http://localhost:38070/__cypress/runner/cypress_runner.js:7722:9)
    at Async.../../node_modules/bluebird/js/release/async.js.Async._drainQueues (http://localhost:38070/__cypress/runner/cypress_runner.js:7738:5)
    at Async.drainQueues (http://localhost:38070/__cypress/runner/cypress_runner.js:7608:14)
From Your Spec Code:
    at Context.eval (http://localhost:38070/__cypress/tests?p=tests\e2e\specs\customerTesting.js:111:8)

From Node.js Internals:
  Error: connect ECONNREFUSED 127.0.0.1:8080
      at TCPConnectWrap.afterConnect [as oncomplete] (node:net:1161:16)
  ]]></failure>
    </testcase>
    <testcase name="Test Login check if register link works" time="0.0000" classname="check if register link works">
      <failure message="`cy.visit()` failed trying to load:

http://localhost:8080/

We attempted to make an http request to this URL but the request failed without a response.

We received this error at the network level:

  &gt; Error: connect ECONNREFUSED 127.0.0.1:8080

Common situations why this would fail:
  - you don&apos;t have internet access
  - you forgot to run / boot your web server
  - your web server isn&apos;t accessible
  - you have weird network configuration settings on your computer" type="CypressError"><![CDATA[CypressError: `cy.visit()` failed trying to load:

http://localhost:8080/

We attempted to make an http request to this URL but the request failed without a response.

We received this error at the network level:

  > Error: connect ECONNREFUSED 127.0.0.1:8080

Common situations why this would fail:
  - you don't have internet access
  - you forgot to run / boot your web server
  - your web server isn't accessible
  - you have weird network configuration settings on your computer
    at http://localhost:38070/__cypress/runner/cypress_runner.js:163608:82
    at visitFailedByErr (http://localhost:38070/__cypress/runner/cypress_runner.js:162912:12)
    at http://localhost:38070/__cypress/runner/cypress_runner.js:163607:11
    at tryCatcher (http://localhost:38070/__cypress/runner/cypress_runner.js:13022:23)
    at Promise._settlePromiseFromHandler (http://localhost:38070/__cypress/runner/cypress_runner.js:10957:31)
    at Promise._settlePromise (http://localhost:38070/__cypress/runner/cypress_runner.js:11014:18)
    at Promise._settlePromise0 (http://localhost:38070/__cypress/runner/cypress_runner.js:11059:10)
    at Promise._settlePromises (http://localhost:38070/__cypress/runner/cypress_runner.js:11135:18)
    at _drainQueueStep (http://localhost:38070/__cypress/runner/cypress_runner.js:7729:12)
    at _drainQueue (http://localhost:38070/__cypress/runner/cypress_runner.js:7722:9)
    at Async.../../node_modules/bluebird/js/release/async.js.Async._drainQueues (http://localhost:38070/__cypress/runner/cypress_runner.js:7738:5)
    at Async.drainQueues (http://localhost:38070/__cypress/runner/cypress_runner.js:7608:14)
From Your Spec Code:
    at Context.eval (http://localhost:38070/__cypress/tests?p=tests\e2e\specs\customerTesting.js:118:8)

From Node.js Internals:
  Error: connect ECONNREFUSED 127.0.0.1:8080
      at TCPConnectWrap.afterConnect [as oncomplete] (node:net:1161:16)
  ]]></failure>
    </testcase>
    <testcase name="Test Login check if password reset link works" time="0.0000" classname="check if password reset link works">
      <failure message="`cy.visit()` failed trying to load:

http://localhost:8080/

We attempted to make an http request to this URL but the request failed without a response.

We received this error at the network level:

  &gt; Error: connect ECONNREFUSED 127.0.0.1:8080

Common situations why this would fail:
  - you don&apos;t have internet access
  - you forgot to run / boot your web server
  - your web server isn&apos;t accessible
  - you have weird network configuration settings on your computer" type="CypressError"><![CDATA[CypressError: `cy.visit()` failed trying to load:

http://localhost:8080/

We attempted to make an http request to this URL but the request failed without a response.

We received this error at the network level:

  > Error: connect ECONNREFUSED 127.0.0.1:8080

Common situations why this would fail:
  - you don't have internet access
  - you forgot to run / boot your web server
  - your web server isn't accessible
  - you have weird network configuration settings on your computer
    at http://localhost:38070/__cypress/runner/cypress_runner.js:163608:82
    at visitFailedByErr (http://localhost:38070/__cypress/runner/cypress_runner.js:162912:12)
    at http://localhost:38070/__cypress/runner/cypress_runner.js:163607:11
    at tryCatcher (http://localhost:38070/__cypress/runner/cypress_runner.js:13022:23)
    at Promise._settlePromiseFromHandler (http://localhost:38070/__cypress/runner/cypress_runner.js:10957:31)
    at Promise._settlePromise (http://localhost:38070/__cypress/runner/cypress_runner.js:11014:18)
    at Promise._settlePromise0 (http://localhost:38070/__cypress/runner/cypress_runner.js:11059:10)
    at Promise._settlePromises (http://localhost:38070/__cypress/runner/cypress_runner.js:11135:18)
    at _drainQueueStep (http://localhost:38070/__cypress/runner/cypress_runner.js:7729:12)
    at _drainQueue (http://localhost:38070/__cypress/runner/cypress_runner.js:7722:9)
    at Async.../../node_modules/bluebird/js/release/async.js.Async._drainQueues (http://localhost:38070/__cypress/runner/cypress_runner.js:7738:5)
    at Async.drainQueues (http://localhost:38070/__cypress/runner/cypress_runner.js:7608:14)
From Your Spec Code:
    at Context.eval (http://localhost:38070/__cypress/tests?p=tests\e2e\specs\customerTesting.js:123:8)

From Node.js Internals:
  Error: connect ECONNREFUSED 127.0.0.1:8080
      at TCPConnectWrap.afterConnect [as oncomplete] (node:net:1161:16)
  ]]></failure>
    </testcase>
    <testcase name="Test Login check if redirection works from manager" time="0.0000" classname="check if redirection works from manager">
      <failure message="`cy.visit()` failed trying to load:

http://localhost:8080/manager

We attempted to make an http request to this URL but the request failed without a response.

We received this error at the network level:

  &gt; Error: connect ECONNREFUSED 127.0.0.1:8080

Common situations why this would fail:
  - you don&apos;t have internet access
  - you forgot to run / boot your web server
  - your web server isn&apos;t accessible
  - you have weird network configuration settings on your computer" type="CypressError"><![CDATA[CypressError: `cy.visit()` failed trying to load:

http://localhost:8080/manager

We attempted to make an http request to this URL but the request failed without a response.

We received this error at the network level:

  > Error: connect ECONNREFUSED 127.0.0.1:8080

Common situations why this would fail:
  - you don't have internet access
  - you forgot to run / boot your web server
  - your web server isn't accessible
  - you have weird network configuration settings on your computer
    at http://localhost:38070/__cypress/runner/cypress_runner.js:163608:82
    at visitFailedByErr (http://localhost:38070/__cypress/runner/cypress_runner.js:162912:12)
    at http://localhost:38070/__cypress/runner/cypress_runner.js:163607:11
    at tryCatcher (http://localhost:38070/__cypress/runner/cypress_runner.js:13022:23)
    at Promise._settlePromiseFromHandler (http://localhost:38070/__cypress/runner/cypress_runner.js:10957:31)
    at Promise._settlePromise (http://localhost:38070/__cypress/runner/cypress_runner.js:11014:18)
    at Promise._settlePromise0 (http://localhost:38070/__cypress/runner/cypress_runner.js:11059:10)
    at Promise._settlePromises (http://localhost:38070/__cypress/runner/cypress_runner.js:11135:18)
    at _drainQueueStep (http://localhost:38070/__cypress/runner/cypress_runner.js:7729:12)
    at _drainQueue (http://localhost:38070/__cypress/runner/cypress_runner.js:7722:9)
    at Async.../../node_modules/bluebird/js/release/async.js.Async._drainQueues (http://localhost:38070/__cypress/runner/cypress_runner.js:7738:5)
    at Async.drainQueues (http://localhost:38070/__cypress/runner/cypress_runner.js:7608:14)
From Your Spec Code:
    at Context.eval (http://localhost:38070/__cypress/tests?p=tests\e2e\specs\customerTesting.js:128:8)

From Node.js Internals:
  Error: connect ECONNREFUSED 127.0.0.1:8080
      at TCPConnectWrap.afterConnect [as oncomplete] (node:net:1161:16)
  ]]></failure>
    </testcase>
    <testcase name="Test Login check if redirection works from customer" time="0.0000" classname="check if redirection works from customer">
      <failure message="`cy.visit()` failed trying to load:

http://localhost:8080/customer

We attempted to make an http request to this URL but the request failed without a response.

We received this error at the network level:

  &gt; Error: connect ECONNREFUSED 127.0.0.1:8080

Common situations why this would fail:
  - you don&apos;t have internet access
  - you forgot to run / boot your web server
  - your web server isn&apos;t accessible
  - you have weird network configuration settings on your computer" type="CypressError"><![CDATA[CypressError: `cy.visit()` failed trying to load:

http://localhost:8080/customer

We attempted to make an http request to this URL but the request failed without a response.

We received this error at the network level:

  > Error: connect ECONNREFUSED 127.0.0.1:8080

Common situations why this would fail:
  - you don't have internet access
  - you forgot to run / boot your web server
  - your web server isn't accessible
  - you have weird network configuration settings on your computer
    at http://localhost:38070/__cypress/runner/cypress_runner.js:163608:82
    at visitFailedByErr (http://localhost:38070/__cypress/runner/cypress_runner.js:162912:12)
    at http://localhost:38070/__cypress/runner/cypress_runner.js:163607:11
    at tryCatcher (http://localhost:38070/__cypress/runner/cypress_runner.js:13022:23)
    at Promise._settlePromiseFromHandler (http://localhost:38070/__cypress/runner/cypress_runner.js:10957:31)
    at Promise._settlePromise (http://localhost:38070/__cypress/runner/cypress_runner.js:11014:18)
    at Promise._settlePromise0 (http://localhost:38070/__cypress/runner/cypress_runner.js:11059:10)
    at Promise._settlePromises (http://localhost:38070/__cypress/runner/cypress_runner.js:11135:18)
    at _drainQueueStep (http://localhost:38070/__cypress/runner/cypress_runner.js:7729:12)
    at _drainQueue (http://localhost:38070/__cypress/runner/cypress_runner.js:7722:9)
    at Async.../../node_modules/bluebird/js/release/async.js.Async._drainQueues (http://localhost:38070/__cypress/runner/cypress_runner.js:7738:5)
    at Async.drainQueues (http://localhost:38070/__cypress/runner/cypress_runner.js:7608:14)
From Your Spec Code:
    at Context.eval (http://localhost:38070/__cypress/tests?p=tests\e2e\specs\customerTesting.js:132:8)

From Node.js Internals:
  Error: connect ECONNREFUSED 127.0.0.1:8080
      at TCPConnectWrap.afterConnect [as oncomplete] (node:net:1161:16)
  ]]></failure>
    </testcase>
    <testcase name="Test Login check if redirection works from picker" time="0.0000" classname="check if redirection works from picker">
      <failure message="`cy.visit()` failed trying to load:

http://localhost:8080/picker

We attempted to make an http request to this URL but the request failed without a response.

We received this error at the network level:

  &gt; Error: connect ECONNREFUSED 127.0.0.1:8080

Common situations why this would fail:
  - you don&apos;t have internet access
  - you forgot to run / boot your web server
  - your web server isn&apos;t accessible
  - you have weird network configuration settings on your computer" type="CypressError"><![CDATA[CypressError: `cy.visit()` failed trying to load:

http://localhost:8080/picker

We attempted to make an http request to this URL but the request failed without a response.

We received this error at the network level:

  > Error: connect ECONNREFUSED 127.0.0.1:8080

Common situations why this would fail:
  - you don't have internet access
  - you forgot to run / boot your web server
  - your web server isn't accessible
  - you have weird network configuration settings on your computer
    at http://localhost:38070/__cypress/runner/cypress_runner.js:163608:82
    at visitFailedByErr (http://localhost:38070/__cypress/runner/cypress_runner.js:162912:12)
    at http://localhost:38070/__cypress/runner/cypress_runner.js:163607:11
    at tryCatcher (http://localhost:38070/__cypress/runner/cypress_runner.js:13022:23)
    at Promise._settlePromiseFromHandler (http://localhost:38070/__cypress/runner/cypress_runner.js:10957:31)
    at Promise._settlePromise (http://localhost:38070/__cypress/runner/cypress_runner.js:11014:18)
    at Promise._settlePromise0 (http://localhost:38070/__cypress/runner/cypress_runner.js:11059:10)
    at Promise._settlePromises (http://localhost:38070/__cypress/runner/cypress_runner.js:11135:18)
    at _drainQueueStep (http://localhost:38070/__cypress/runner/cypress_runner.js:7729:12)
    at _drainQueue (http://localhost:38070/__cypress/runner/cypress_runner.js:7722:9)
    at Async.../../node_modules/bluebird/js/release/async.js.Async._drainQueues (http://localhost:38070/__cypress/runner/cypress_runner.js:7738:5)
    at Async.drainQueues (http://localhost:38070/__cypress/runner/cypress_runner.js:7608:14)
From Your Spec Code:
    at Context.eval (http://localhost:38070/__cypress/tests?p=tests\e2e\specs\customerTesting.js:136:8)

From Node.js Internals:
  Error: connect ECONNREFUSED 127.0.0.1:8080
      at TCPConnectWrap.afterConnect [as oncomplete] (node:net:1161:16)
  ]]></failure>
    </testcase>
    <testcase name="Test Login check if redirection works from picker" time="0.0000" classname="check if redirection works from picker">
      <failure message="`cy.visit()` failed trying to load:

http://localhost:8080/picker

We attempted to make an http request to this URL but the request failed without a response.

We received this error at the network level:

  &gt; Error: connect ECONNREFUSED 127.0.0.1:8080

Common situations why this would fail:
  - you don&apos;t have internet access
  - you forgot to run / boot your web server
  - your web server isn&apos;t accessible
  - you have weird network configuration settings on your computer" type="CypressError"><![CDATA[CypressError: `cy.visit()` failed trying to load:

http://localhost:8080/picker

We attempted to make an http request to this URL but the request failed without a response.

We received this error at the network level:

  > Error: connect ECONNREFUSED 127.0.0.1:8080

Common situations why this would fail:
  - you don't have internet access
  - you forgot to run / boot your web server
  - your web server isn't accessible
  - you have weird network configuration settings on your computer
    at http://localhost:38070/__cypress/runner/cypress_runner.js:163608:82
    at visitFailedByErr (http://localhost:38070/__cypress/runner/cypress_runner.js:162912:12)
    at http://localhost:38070/__cypress/runner/cypress_runner.js:163607:11
    at tryCatcher (http://localhost:38070/__cypress/runner/cypress_runner.js:13022:23)
    at Promise._settlePromiseFromHandler (http://localhost:38070/__cypress/runner/cypress_runner.js:10957:31)
    at Promise._settlePromise (http://localhost:38070/__cypress/runner/cypress_runner.js:11014:18)
    at Promise._settlePromise0 (http://localhost:38070/__cypress/runner/cypress_runner.js:11059:10)
    at Promise._settlePromises (http://localhost:38070/__cypress/runner/cypress_runner.js:11135:18)
    at _drainQueueStep (http://localhost:38070/__cypress/runner/cypress_runner.js:7729:12)
    at _drainQueue (http://localhost:38070/__cypress/runner/cypress_runner.js:7722:9)
    at Async.../../node_modules/bluebird/js/release/async.js.Async._drainQueues (http://localhost:38070/__cypress/runner/cypress_runner.js:7738:5)
    at Async.drainQueues (http://localhost:38070/__cypress/runner/cypress_runner.js:7608:14)
From Your Spec Code:
    at Context.eval (http://localhost:38070/__cypress/tests?p=tests\e2e\specs\customerTesting.js:140:8)

From Node.js Internals:
  Error: connect ECONNREFUSED 127.0.0.1:8080
      at TCPConnectWrap.afterConnect [as oncomplete] (node:net:1161:16)
  ]]></failure>
    </testcase>
  </testsuite>
</testsuites>